# JRE version: Java(TM) SE Runtime Environment (8.0_421) (build 1.8.0_421-b09)
# Java VM: Java HotSpot(TM) 64-Bit Server VM (25.421-b09 mixed mode windows-amd64 compressed oops)
Heap:
 PSYoungGen      total 377344K, used 74466K [0x000000076c180000, 0x0000000787b80000, 0x00000007c0000000)
  eden space 354304K, 17% used [0x000000076c180000,0x000000076fcd8a58,0x0000000781b80000)
  from space 23040K, 59% used [0x0000000781b80000,0x00000007828e0018,0x0000000783200000)
  to   space 22528K, 0% used [0x0000000786580000,0x0000000786580000,0x0000000787b80000)
 ParOldGen       total 292352K, used 36947K [0x00000006c4400000, 0x00000006d6180000, 0x000000076c180000)
  object space 292352K, 12% used [0x00000006c4400000,0x00000006c6814ce8,0x00000006d6180000)
 Metaspace       used 63760K, capacity 67678K, committed 67752K, reserved 1107968K
  class space    used 8392K, capacity 9073K, committed 9128K, reserved 1048576K
GC Heap History (10 events):
Event: 5.668 GC heap before
{Heap before GC invocations=10 (full 2):
 PSYoungGen      total 268800K, used 268768K [0x000000076c180000, 0x0000000781d80000, 0x00000007c0000000)
  eden space 255488K, 100% used [0x000000076c180000,0x000000077bb00000,0x000000077bb00000)
  from space 13312K, 99% used [0x000000077bb00000,0x000000077c7f8390,0x000000077c800000)
  to   space 14848K, 0% used [0x0000000780f00000,0x0000000780f00000,0x0000000781d80000)
 ParOldGen       total 195072K, used 15838K [0x00000006c4400000, 0x00000006d0280000, 0x000000076c180000)
  object space 195072K, 8% used [0x00000006c4400000,0x00000006c5377858,0x00000006d0280000)
 Metaspace       used 48526K, capacity 51338K, committed 51496K, reserved 1093632K
  class space    used 6445K, capacity 6929K, committed 6952K, reserved 1048576K
Event: 5.678 GC heap after
Heap after GC invocations=10 (full 2):
 PSYoungGen      total 330752K, used 13274K [0x000000076c180000, 0x0000000781c00000, 0x00000007c0000000)
  eden space 317440K, 0% used [0x000000076c180000,0x000000076c180000,0x000000077f780000)
  from space 13312K, 99% used [0x0000000780f00000,0x0000000781bf69a0,0x0000000781c00000)
  to   space 15872K, 0% used [0x000000077fd00000,0x000000077fd00000,0x0000000780c80000)
 ParOldGen       total 195072K, used 15846K [0x00000006c4400000, 0x00000006d0280000, 0x000000076c180000)
  object space 195072K, 8% used [0x00000006c4400000,0x00000006c5379858,0x00000006d0280000)
 Metaspace       used 48526K, capacity 51338K, committed 51496K, reserved 1093632K
  class space    used 6445K, capacity 6929K, committed 6952K, reserved 1048576K
}
Event: 7.652 GC heap before
{Heap before GC invocations=11 (full 2):
 PSYoungGen      total 330752K, used 330714K [0x000000076c180000, 0x0000000781c00000, 0x00000007c0000000)
  eden space 317440K, 100% used [0x000000076c180000,0x000000077f780000,0x000000077f780000)
  from space 13312K, 99% used [0x0000000780f00000,0x0000000781bf69a0,0x0000000781c00000)
  to   space 15872K, 0% used [0x000000077fd00000,0x000000077fd00000,0x0000000780c80000)
 ParOldGen       total 195072K, used 15846K [0x00000006c4400000, 0x00000006d0280000, 0x000000076c180000)
  object space 195072K, 8% used [0x00000006c4400000,0x00000006c5379858,0x00000006d0280000)
 Metaspace       used 52282K, capacity 55164K, committed 55336K, reserved 1097728K
  class space    used 6907K, capacity 7430K, committed 7464K, reserved 1048576K
Event: 7.663 GC heap after
Heap after GC invocations=11 (full 2):
 PSYoungGen      total 338944K, used 15850K [0x000000076c180000, 0x0000000784400000, 0x00000007c0000000)
  eden space 323072K, 0% used [0x000000076c180000,0x000000076c180000,0x000000077fd00000)
  from space 15872K, 99% used [0x000000077fd00000,0x0000000780c7a9e8,0x0000000780c80000)
  to   space 18432K, 0% used [0x0000000783200000,0x0000000783200000,0x0000000784400000)
 ParOldGen       total 195072K, used 17709K [0x00000006c4400000, 0x00000006d0280000, 0x000000076c180000)
  object space 195072K, 9% used [0x00000006c4400000,0x00000006c554b4f0,0x00000006d0280000)
 Metaspace       used 52282K, capacity 55164K, committed 55336K, reserved 1097728K
  class space    used 6907K, capacity 7430K, committed 7464K, reserved 1048576K
}
Event: 8.239 GC heap before
{Heap before GC invocations=12 (full 2):
 PSYoungGen      total 338944K, used 281013K [0x000000076c180000, 0x0000000784400000, 0x00000007c0000000)
  eden space 323072K, 82% used [0x000000076c180000,0x000000077c472c58,0x000000077fd00000)
  from space 15872K, 99% used [0x000000077fd00000,0x0000000780c7a9e8,0x0000000780c80000)
  to   space 18432K, 0% used [0x0000000783200000,0x0000000783200000,0x0000000784400000)
 ParOldGen       total 195072K, used 17709K [0x00000006c4400000, 0x00000006d0280000, 0x000000076c180000)
  object space 195072K, 9% used [0x00000006c4400000,0x00000006c554b4f0,0x00000006d0280000)
 Metaspace       used 56157K, capacity 59028K, committed 59160K, reserved 1101824K
  class space    used 7311K, capacity 7826K, committed 7848K, reserved 1048576K
Event: 8.250 GC heap after
Heap after GC invocations=12 (full 2):
 PSYoungGen      total 372736K, used 18430K [0x000000076c180000, 0x0000000785a80000, 0x00000007c0000000)
  eden space 354304K, 0% used [0x000000076c180000,0x000000076c180000,0x0000000781b80000)
  from space 18432K, 99% used [0x0000000783200000,0x00000007843ff9d0,0x0000000784400000)
  to   space 23040K, 0% used [0x0000000781b80000,0x0000000781b80000,0x0000000783200000)
 ParOldGen       total 195072K, used 24457K [0x00000006c4400000, 0x00000006d0280000, 0x000000076c180000)
  object space 195072K, 12% used [0x00000006c4400000,0x00000006c5be2428,0x00000006d0280000)
 Metaspace       used 56157K, capacity 59028K, committed 59160K, reserved 1101824K
  class space    used 7311K, capacity 7826K, committed 7848K, reserved 1048576K
}
Event: 8.250 GC heap before
{Heap before GC invocations=13 (full 3):
 PSYoungGen      total 372736K, used 18430K [0x000000076c180000, 0x0000000785a80000, 0x00000007c0000000)
  eden space 354304K, 0% used [0x000000076c180000,0x000000076c180000,0x0000000781b80000)
  from space 18432K, 99% used [0x0000000783200000,0x00000007843ff9d0,0x0000000784400000)
  to   space 23040K, 0% used [0x0000000781b80000,0x0000000781b80000,0x0000000783200000)
 ParOldGen       total 195072K, used 24457K [0x00000006c4400000, 0x00000006d0280000, 0x000000076c180000)
  object space 195072K, 12% used [0x00000006c4400000,0x00000006c5be2428,0x00000006d0280000)
 Metaspace       used 56157K, capacity 59028K, committed 59160K, reserved 1101824K
  class space    used 7311K, capacity 7826K, committed 7848K, reserved 1048576K
Event: 8.394 GC heap after
Heap after GC invocations=13 (full 3):
 PSYoungGen      total 372736K, used 0K [0x000000076c180000, 0x0000000785a80000, 0x00000007c0000000)
  eden space 354304K, 0% used [0x000000076c180000,0x000000076c180000,0x0000000781b80000)
  from space 18432K, 0% used [0x0000000783200000,0x0000000783200000,0x0000000784400000)
  to   space 23040K, 0% used [0x0000000781b80000,0x0000000781b80000,0x0000000783200000)
 ParOldGen       total 292352K, used 36939K [0x00000006c4400000, 0x00000006d6180000, 0x000000076c180000)
  object space 292352K, 12% used [0x00000006c4400000,0x00000006c6812ce8,0x00000006d6180000)
 Metaspace       used 56157K, capacity 59028K, committed 59160K, reserved 1101824K
  class space    used 7311K, capacity 7826K, committed 7848K, reserved 1048576K
}
Event: 9.624 GC heap before
{Heap before GC invocations=14 (full 3):
 PSYoungGen      total 372736K, used 354304K [0x000000076c180000, 0x0000000785a80000, 0x00000007c0000000)
  eden space 354304K, 100% used [0x000000076c180000,0x0000000781b80000,0x0000000781b80000)
  from space 18432K, 0% used [0x0000000783200000,0x0000000783200000,0x0000000784400000)
  to   space 23040K, 0% used [0x0000000781b80000,0x0000000781b80000,0x0000000783200000)
 ParOldGen       total 292352K, used 36939K [0x00000006c4400000, 0x00000006d6180000, 0x000000076c180000)
  object space 292352K, 12% used [0x00000006c4400000,0x00000006c6812ce8,0x00000006d6180000)
 Metaspace       used 62846K, capacity 66370K, committed 66472K, reserved 1107968K
  class space    used 8241K, capacity 8871K, committed 8872K, reserved 1048576K
Event: 9.631 GC heap after
Heap after GC invocations=14 (full 3):
 PSYoungGen      total 377344K, used 13696K [0x000000076c180000, 0x0000000787b80000, 0x00000007c0000000)
  eden space 354304K, 0% used [0x000000076c180000,0x000000076c180000,0x0000000781b80000)
  from space 23040K, 59% used [0x0000000781b80000,0x00000007828e0018,0x0000000783200000)
  to   space 22528K, 0% used [0x0000000786580000,0x0000000786580000,0x0000000787b80000)
 ParOldGen       total 292352K, used 36947K [0x00000006c4400000, 0x00000006d6180000, 0x000000076c180000)
  object space 292352K, 12% used [0x00000006c4400000,0x00000006c6814ce8,0x00000006d6180000)
 Metaspace       used 62846K, capacity 66370K, committed 66472K, reserved 1107968K
  class space    used 8241K, capacity 8871K, committed 8872K, reserved 1048576K
}

