# JRE version: Java(TM) SE Runtime Environment (8.0_421) (build 1.8.0_421-b09)
# Java VM: Java HotSpot(TM) 64-Bit Server VM (25.421-b09 mixed mode windows-amd64 compressed oops)
Heap:
 PSYoungGen      total 209408K, used 43191K [0x000000076c180000, 0x000000077bb00000, 0x00000007c0000000)
  eden space 199680K, 16% used [0x000000076c180000,0x000000076e26e780,0x0000000778480000)
  from space 9728K, 97% used [0x000000077b180000,0x000000077babf7f0,0x000000077bb00000)
  to   space 11776K, 0% used [0x000000077a400000,0x000000077a400000,0x000000077af80000)
 ParOldGen       total 103424K, used 15618K [0x00000006c4400000, 0x00000006ca900000, 0x000000076c180000)
  object space 103424K, 15% used [0x00000006c4400000,0x00000006c53409d8,0x00000006ca900000)
 Metaspace       used 41741K, capacity 44190K, committed 44456K, reserved 1087488K
  class space    used 5574K, capacity 6001K, committed 6056K, reserved 1048576K
GC Heap History (10 events):
Event: 1.609 GC heap before
{Heap before GC invocations=6 (full 1):
 PSYoungGen      total 106496K, used 106346K [0x000000076c180000, 0x0000000775080000, 0x00000007c0000000)
  eden space 99840K, 100% used [0x000000076c180000,0x0000000772300000,0x0000000772300000)
  from space 6656K, 97% used [0x0000000774a00000,0x000000077505a910,0x0000000775080000)
  to   space 10752K, 0% used [0x0000000773b80000,0x0000000773b80000,0x0000000774600000)
 ParOldGen       total 103424K, used 6894K [0x00000006c4400000, 0x00000006ca900000, 0x000000076c180000)
  object space 103424K, 6% used [0x00000006c4400000,0x00000006c4abb9c8,0x00000006ca900000)
 Metaspace       used 27889K, capacity 29684K, committed 29952K, reserved 1075200K
  class space    used 3628K, capacity 3970K, committed 4096K, reserved 1048576K
Event: 1.613 GC heap after
Heap after GC invocations=6 (full 1):
 PSYoungGen      total 135680K, used 9542K [0x000000076c180000, 0x0000000776980000, 0x00000007c0000000)
  eden space 124928K, 0% used [0x000000076c180000,0x000000076c180000,0x0000000773b80000)
  from space 10752K, 88% used [0x0000000773b80000,0x00000007744d1b80,0x0000000774600000)
  to   space 9728K, 0% used [0x0000000776000000,0x0000000776000000,0x0000000776980000)
 ParOldGen       total 103424K, used 6902K [0x00000006c4400000, 0x00000006ca900000, 0x000000076c180000)
  object space 103424K, 6% used [0x00000006c4400000,0x00000006c4abd9c8,0x00000006ca900000)
 Metaspace       used 27889K, capacity 29684K, committed 29952K, reserved 1075200K
  class space    used 3628K, capacity 3970K, committed 4096K, reserved 1048576K
}
Event: 1.953 GC heap before
{Heap before GC invocations=7 (full 1):
 PSYoungGen      total 135680K, used 134470K [0x000000076c180000, 0x0000000776980000, 0x00000007c0000000)
  eden space 124928K, 100% used [0x000000076c180000,0x0000000773b80000,0x0000000773b80000)
  from space 10752K, 88% used [0x0000000773b80000,0x00000007744d1b80,0x0000000774600000)
  to   space 9728K, 0% used [0x0000000776000000,0x0000000776000000,0x0000000776980000)
 ParOldGen       total 103424K, used 6902K [0x00000006c4400000, 0x00000006ca900000, 0x000000076c180000)
  object space 103424K, 6% used [0x00000006c4400000,0x00000006c4abd9c8,0x00000006ca900000)
 Metaspace       used 30882K, capacity 32934K, committed 33152K, reserved 1077248K
  class space    used 4034K, capacity 4419K, committed 4480K, reserved 1048576K
Event: 1.959 GC heap after
Heap after GC invocations=7 (full 1):
 PSYoungGen      total 161280K, used 9718K [0x000000076c180000, 0x0000000779100000, 0x00000007c0000000)
  eden space 151552K, 0% used [0x000000076c180000,0x000000076c180000,0x0000000775580000)
  from space 9728K, 99% used [0x0000000776000000,0x000000077697db68,0x0000000776980000)
  to   space 10752K, 0% used [0x0000000775580000,0x0000000775580000,0x0000000776000000)
 ParOldGen       total 103424K, used 7157K [0x00000006c4400000, 0x00000006ca900000, 0x000000076c180000)
  object space 103424K, 6% used [0x00000006c4400000,0x00000006c4afd478,0x00000006ca900000)
 Metaspace       used 30882K, capacity 32934K, committed 33152K, reserved 1077248K
  class space    used 4034K, capacity 4419K, committed 4480K, reserved 1048576K
}
Event: 2.264 GC heap before
{Heap before GC invocations=8 (full 1):
 PSYoungGen      total 161280K, used 76595K [0x000000076c180000, 0x0000000779100000, 0x00000007c0000000)
  eden space 151552K, 44% used [0x000000076c180000,0x00000007702cf3e8,0x0000000775580000)
  from space 9728K, 99% used [0x0000000776000000,0x000000077697db68,0x0000000776980000)
  to   space 10752K, 0% used [0x0000000775580000,0x0000000775580000,0x0000000776000000)
 ParOldGen       total 103424K, used 7157K [0x00000006c4400000, 0x00000006ca900000, 0x000000076c180000)
  object space 103424K, 6% used [0x00000006c4400000,0x00000006c4afd478,0x00000006ca900000)
 Metaspace       used 33363K, capacity 35458K, committed 35496K, reserved 1079296K
  class space    used 4369K, capacity 4749K, committed 4776K, reserved 1048576K
Event: 2.271 GC heap after
Heap after GC invocations=8 (full 1):
 PSYoungGen      total 162304K, used 10641K [0x000000076c180000, 0x000000077bd00000, 0x00000007c0000000)
  eden space 151552K, 0% used [0x000000076c180000,0x000000076c180000,0x0000000775580000)
  from space 10752K, 98% used [0x0000000775580000,0x0000000775fe46b0,0x0000000776000000)
  to   space 11776K, 0% used [0x000000077b180000,0x000000077b180000,0x000000077bd00000)
 ParOldGen       total 103424K, used 7165K [0x00000006c4400000, 0x00000006ca900000, 0x000000076c180000)
  object space 103424K, 6% used [0x00000006c4400000,0x00000006c4aff478,0x00000006ca900000)
 Metaspace       used 33363K, capacity 35458K, committed 35496K, reserved 1079296K
  class space    used 4369K, capacity 4749K, committed 4776K, reserved 1048576K
}
Event: 2.271 GC heap before
{Heap before GC invocations=9 (full 2):
 PSYoungGen      total 162304K, used 10641K [0x000000076c180000, 0x000000077bd00000, 0x00000007c0000000)
  eden space 151552K, 0% used [0x000000076c180000,0x000000076c180000,0x0000000775580000)
  from space 10752K, 98% used [0x0000000775580000,0x0000000775fe46b0,0x0000000776000000)
  to   space 11776K, 0% used [0x000000077b180000,0x000000077b180000,0x000000077bd00000)
 ParOldGen       total 103424K, used 7165K [0x00000006c4400000, 0x00000006ca900000, 0x000000076c180000)
  object space 103424K, 6% used [0x00000006c4400000,0x00000006c4aff478,0x00000006ca900000)
 Metaspace       used 33363K, capacity 35458K, committed 35496K, reserved 1079296K
  class space    used 4369K, capacity 4749K, committed 4776K, reserved 1048576K
Event: 5.502 GC heap after
Heap after GC invocations=9 (full 2):
 PSYoungGen      total 162304K, used 0K [0x000000076c180000, 0x000000077bd00000, 0x00000007c0000000)
  eden space 151552K, 0% used [0x000000076c180000,0x000000076c180000,0x0000000775580000)
  from space 10752K, 0% used [0x0000000775580000,0x0000000775580000,0x0000000776000000)
  to   space 11776K, 0% used [0x000000077b180000,0x000000077b180000,0x000000077bd00000)
 ParOldGen       total 103424K, used 15610K [0x00000006c4400000, 0x00000006ca900000, 0x000000076c180000)
  object space 103424K, 15% used [0x00000006c4400000,0x00000006c533e9d8,0x00000006ca900000)
 Metaspace       used 33363K, capacity 35458K, committed 35496K, reserved 1079296K
  class space    used 4369K, capacity 4749K, committed 4776K, reserved 1048576K
}
Event: 6.393 GC heap before
{Heap before GC invocations=10 (full 2):
 PSYoungGen      total 162304K, used 151552K [0x000000076c180000, 0x000000077bd00000, 0x00000007c0000000)
  eden space 151552K, 100% used [0x000000076c180000,0x0000000775580000,0x0000000775580000)
  from space 10752K, 0% used [0x0000000775580000,0x0000000775580000,0x0000000776000000)
  to   space 11776K, 0% used [0x000000077b180000,0x000000077b180000,0x000000077bd00000)
 ParOldGen       total 103424K, used 15610K [0x00000006c4400000, 0x00000006ca900000, 0x000000076c180000)
  object space 103424K, 15% used [0x00000006c4400000,0x00000006c533e9d8,0x00000006ca900000)
 Metaspace       used 40381K, capacity 42744K, committed 43048K, reserved 1087488K
  class space    used 5380K, capacity 5802K, committed 5928K, reserved 1048576K
Event: 6.398 GC heap after
Heap after GC invocations=10 (full 2):
 PSYoungGen      total 209408K, used 9469K [0x000000076c180000, 0x000000077bb00000, 0x00000007c0000000)
  eden space 199680K, 0% used [0x000000076c180000,0x000000076c180000,0x0000000778480000)
  from space 9728K, 97% used [0x000000077b180000,0x000000077babf7f0,0x000000077bb00000)
  to   space 11776K, 0% used [0x000000077a400000,0x000000077a400000,0x000000077af80000)
 ParOldGen       total 103424K, used 15618K [0x00000006c4400000, 0x00000006ca900000, 0x000000076c180000)
  object space 103424K, 15% used [0x00000006c4400000,0x00000006c53409d8,0x00000006ca900000)
 Metaspace       used 40381K, capacity 42744K, committed 43048K, reserved 1087488K
  class space    used 5380K, capacity 5802K, committed 5928K, reserved 1048576K
}

