# JRE version: Java(TM) SE Runtime Environment (8.0_421) (build 1.8.0_421-b09)
# Java VM: Java HotSpot(TM) 64-Bit Server VM (25.421-b09 mixed mode windows-amd64 compressed oops)
Heap:
 PSYoungGen      total 122368K, used 65481K [0x000000076c180000, 0x0000000774500000, 0x00000007c0000000)
  eden space 114176K, 50% used [0x000000076c180000,0x000000076f975690,0x0000000773100000)
  from space 8192K, 99% used [0x0000000773a00000,0x00000007741fcf68,0x0000000774200000)
  to   space 9216K, 0% used [0x0000000773100000,0x0000000773100000,0x0000000773a00000)
 ParOldGen       total 71680K, used 14402K [0x00000006c4400000, 0x00000006c8a00000, 0x000000076c180000)
  object space 71680K, 20% used [0x00000006c4400000,0x00000006c5210be8,0x00000006c8a00000)
 Metaspace       used 41168K, capacity 43592K, committed 43944K, reserved 1087488K
  class space    used 5499K, capacity 5930K, committed 6056K, reserved 1048576K
GC Heap History (10 events):
Event: 8.963 GC heap before
{Heap before GC invocations=8 (full 1):
 PSYoungGen      total 71168K, used 71139K [0x000000076c180000, 0x0000000774000000, 0x00000007c0000000)
  eden space 64000K, 100% used [0x000000076c180000,0x0000000770000000,0x0000000770000000)
  from space 7168K, 99% used [0x0000000770800000,0x0000000770ef8fe8,0x0000000770f00000)
  to   space 8192K, 0% used [0x0000000770000000,0x0000000770000000,0x0000000770800000)
 ParOldGen       total 71680K, used 7054K [0x00000006c4400000, 0x00000006c8a00000, 0x000000076c180000)
  object space 71680K, 9% used [0x00000006c4400000,0x00000006c4ae3880,0x00000006c8a00000)
 Metaspace       used 29850K, capacity 31814K, committed 32000K, reserved 1077248K
  class space    used 3888K, capacity 4267K, committed 4352K, reserved 1048576K
Event: 8.965 GC heap after
Heap after GC invocations=8 (full 1):
 PSYoungGen      total 72192K, used 7290K [0x000000076c180000, 0x0000000774200000, 0x00000007c0000000)
  eden space 64000K, 0% used [0x000000076c180000,0x000000076c180000,0x0000000770000000)
  from space 8192K, 88% used [0x0000000770000000,0x000000077071e920,0x0000000770800000)
  to   space 8192K, 0% used [0x0000000773a00000,0x0000000773a00000,0x0000000774200000)
 ParOldGen       total 71680K, used 7062K [0x00000006c4400000, 0x00000006c8a00000, 0x000000076c180000)
  object space 71680K, 9% used [0x00000006c4400000,0x00000006c4ae5880,0x00000006c8a00000)
 Metaspace       used 29850K, capacity 31814K, committed 32000K, reserved 1077248K
  class space    used 3888K, capacity 4267K, committed 4352K, reserved 1048576K
}
Event: 9.295 GC heap before
{Heap before GC invocations=9 (full 1):
 PSYoungGen      total 72192K, used 71290K [0x000000076c180000, 0x0000000774200000, 0x00000007c0000000)
  eden space 64000K, 100% used [0x000000076c180000,0x0000000770000000,0x0000000770000000)
  from space 8192K, 88% used [0x0000000770000000,0x000000077071e920,0x0000000770800000)
  to   space 8192K, 0% used [0x0000000773a00000,0x0000000773a00000,0x0000000774200000)
 ParOldGen       total 71680K, used 7062K [0x00000006c4400000, 0x00000006c8a00000, 0x000000076c180000)
  object space 71680K, 9% used [0x00000006c4400000,0x00000006c4ae5880,0x00000006c8a00000)
 Metaspace       used 32438K, capacity 34552K, committed 34688K, reserved 1079296K
  class space    used 4234K, capacity 4632K, committed 4736K, reserved 1048576K
Event: 9.299 GC heap after
Heap after GC invocations=9 (full 1):
 PSYoungGen      total 122368K, used 8174K [0x000000076c180000, 0x0000000774500000, 0x00000007c0000000)
  eden space 114176K, 0% used [0x000000076c180000,0x000000076c180000,0x0000000773100000)
  from space 8192K, 99% used [0x0000000773a00000,0x00000007741fb960,0x0000000774200000)
  to   space 9216K, 0% used [0x0000000773100000,0x0000000773100000,0x0000000773a00000)
 ParOldGen       total 71680K, used 8974K [0x00000006c4400000, 0x00000006c8a00000, 0x000000076c180000)
  object space 71680K, 12% used [0x00000006c4400000,0x00000006c4cc3800,0x00000006c8a00000)
 Metaspace       used 32438K, capacity 34552K, committed 34688K, reserved 1079296K
  class space    used 4234K, capacity 4632K, committed 4736K, reserved 1048576K
}
Event: 9.428 GC heap before
{Heap before GC invocations=10 (full 1):
 PSYoungGen      total 122368K, used 39148K [0x000000076c180000, 0x0000000774500000, 0x00000007c0000000)
  eden space 114176K, 27% used [0x000000076c180000,0x000000076dfbf728,0x0000000773100000)
  from space 8192K, 99% used [0x0000000773a00000,0x00000007741fb960,0x0000000774200000)
  to   space 9216K, 0% used [0x0000000773100000,0x0000000773100000,0x0000000773a00000)
 ParOldGen       total 71680K, used 8974K [0x00000006c4400000, 0x00000006c8a00000, 0x000000076c180000)
  object space 71680K, 12% used [0x00000006c4400000,0x00000006c4cc3800,0x00000006c8a00000)
 Metaspace       used 33351K, capacity 35466K, committed 35496K, reserved 1079296K
  class space    used 4370K, capacity 4749K, committed 4776K, reserved 1048576K
Event: 11.447 GC heap after
Heap after GC invocations=10 (full 1):
 PSYoungGen      total 123392K, used 5321K [0x000000076c180000, 0x0000000774500000, 0x00000007c0000000)
  eden space 114176K, 0% used [0x000000076c180000,0x000000076c180000,0x0000000773100000)
  from space 9216K, 57% used [0x0000000773100000,0x00000007736324e8,0x0000000773a00000)
  to   space 8192K, 0% used [0x0000000773a00000,0x0000000773a00000,0x0000000774200000)
 ParOldGen       total 71680K, used 11600K [0x00000006c4400000, 0x00000006c8a00000, 0x000000076c180000)
  object space 71680K, 16% used [0x00000006c4400000,0x00000006c4f54128,0x00000006c8a00000)
 Metaspace       used 33351K, capacity 35466K, committed 35496K, reserved 1079296K
  class space    used 4370K, capacity 4749K, committed 4776K, reserved 1048576K
}
Event: 11.447 GC heap before
{Heap before GC invocations=11 (full 2):
 PSYoungGen      total 123392K, used 5321K [0x000000076c180000, 0x0000000774500000, 0x00000007c0000000)
  eden space 114176K, 0% used [0x000000076c180000,0x000000076c180000,0x0000000773100000)
  from space 9216K, 57% used [0x0000000773100000,0x00000007736324e8,0x0000000773a00000)
  to   space 8192K, 0% used [0x0000000773a00000,0x0000000773a00000,0x0000000774200000)
 ParOldGen       total 71680K, used 11600K [0x00000006c4400000, 0x00000006c8a00000, 0x000000076c180000)
  object space 71680K, 16% used [0x00000006c4400000,0x00000006c4f54128,0x00000006c8a00000)
 Metaspace       used 33351K, capacity 35466K, committed 35496K, reserved 1079296K
  class space    used 4370K, capacity 4749K, committed 4776K, reserved 1048576K
Event: 15.550 GC heap after
Heap after GC invocations=11 (full 2):
 PSYoungGen      total 123392K, used 0K [0x000000076c180000, 0x0000000774500000, 0x00000007c0000000)
  eden space 114176K, 0% used [0x000000076c180000,0x000000076c180000,0x0000000773100000)
  from space 9216K, 0% used [0x0000000773100000,0x0000000773100000,0x0000000773a00000)
  to   space 8192K, 0% used [0x0000000773a00000,0x0000000773a00000,0x0000000774200000)
 ParOldGen       total 71680K, used 14175K [0x00000006c4400000, 0x00000006c8a00000, 0x000000076c180000)
  object space 71680K, 19% used [0x00000006c4400000,0x00000006c51d7fe8,0x00000006c8a00000)
 Metaspace       used 33351K, capacity 35466K, committed 35496K, reserved 1079296K
  class space    used 4370K, capacity 4749K, committed 4776K, reserved 1048576K
}
Event: 17.506 GC heap before
{Heap before GC invocations=12 (full 2):
 PSYoungGen      total 123392K, used 114176K [0x000000076c180000, 0x0000000774500000, 0x00000007c0000000)
  eden space 114176K, 100% used [0x000000076c180000,0x0000000773100000,0x0000000773100000)
  from space 9216K, 0% used [0x0000000773100000,0x0000000773100000,0x0000000773a00000)
  to   space 8192K, 0% used [0x0000000773a00000,0x0000000773a00000,0x0000000774200000)
 ParOldGen       total 71680K, used 14175K [0x00000006c4400000, 0x00000006c8a00000, 0x000000076c180000)
  object space 71680K, 19% used [0x00000006c4400000,0x00000006c51d7fe8,0x00000006c8a00000)
 Metaspace       used 39672K, capacity 42080K, committed 42408K, reserved 1085440K
  class space    used 5257K, capacity 5686K, committed 5800K, reserved 1048576K
Event: 19.537 GC heap after
Heap after GC invocations=12 (full 2):
 PSYoungGen      total 122368K, used 8179K [0x000000076c180000, 0x0000000774500000, 0x00000007c0000000)
  eden space 114176K, 0% used [0x000000076c180000,0x000000076c180000,0x0000000773100000)
  from space 8192K, 99% used [0x0000000773a00000,0x00000007741fcf68,0x0000000774200000)
  to   space 9216K, 0% used [0x0000000773100000,0x0000000773100000,0x0000000773a00000)
 ParOldGen       total 71680K, used 14402K [0x00000006c4400000, 0x00000006c8a00000, 0x000000076c180000)
  object space 71680K, 20% used [0x00000006c4400000,0x00000006c5210be8,0x00000006c8a00000)
 Metaspace       used 39672K, capacity 42080K, committed 42408K, reserved 1085440K
  class space    used 5257K, capacity 5686K, committed 5800K, reserved 1048576K
}

